Determining if the pthread_create exist failed with the following output:
Change Dir: /lustre/atlas/scratch/nic8504/csc094/rhea/alpine/build/CMakeFiles/CMakeTmp

Run Build Command:"/usr/bin/gmake" "cmTC_f3e42/fast"
/usr/bin/gmake -f CMakeFiles/cmTC_f3e42.dir/build.make CMakeFiles/cmTC_f3e42.dir/build
gmake[1]: Entering directory `/lustre/atlas2/csc094/scratch/nic8504/rhea/alpine/build/CMakeFiles/CMakeTmp'
Building C object CMakeFiles/cmTC_f3e42.dir/CheckSymbolExists.c.o
/ccs/compilers/gcc/rhel6-x86_64/6.2.0/bin/gcc    -g -O3  -fPIE   -o CMakeFiles/cmTC_f3e42.dir/CheckSymbolExists.c.o   -c /lustre/atlas/scratch/nic8504/csc094/rhea/alpine/build/CMakeFiles/CMakeTmp/CheckSymbolExists.c
Linking C executable cmTC_f3e42
/autofs/nccs-svm1_sw/redhat6/cmake3/3.5.2/rhel6_gnu4.8.2/bin/cmake -E cmake_link_script CMakeFiles/cmTC_f3e42.dir/link.txt --verbose=1
/ccs/compilers/gcc/rhel6-x86_64/6.2.0/bin/gcc  -g -O3     CMakeFiles/cmTC_f3e42.dir/CheckSymbolExists.c.o  -o cmTC_f3e42 -rdynamic 
CMakeFiles/cmTC_f3e42.dir/CheckSymbolExists.c.o: In function `main':
/lustre/atlas/scratch/nic8504/csc094/rhea/alpine/build/CMakeFiles/CMakeTmp/CheckSymbolExists.c:8: undefined reference to `pthread_create'
/usr/bin/ld: link errors found, deleting executable `cmTC_f3e42'
collect2: error: ld returned 1 exit status
gmake[1]: *** [cmTC_f3e42] Error 1
gmake[1]: Leaving directory `/lustre/atlas2/csc094/scratch/nic8504/rhea/alpine/build/CMakeFiles/CMakeTmp'
gmake: *** [cmTC_f3e42/fast] Error 2

File /lustre/atlas/scratch/nic8504/csc094/rhea/alpine/build/CMakeFiles/CMakeTmp/CheckSymbolExists.c:
/* */
#include <pthread.h>

int main(int argc, char** argv)
{
  (void)argv;
#ifndef pthread_create
  return ((int*)(&pthread_create))[argc];
#else
  (void)argc;
  return 0;
#endif
}

Determining if the function pthread_create exists in the pthreads failed with the following output:
Change Dir: /lustre/atlas/scratch/nic8504/csc094/rhea/alpine/build/CMakeFiles/CMakeTmp

Run Build Command:"/usr/bin/gmake" "cmTC_00c51/fast"
/usr/bin/gmake -f CMakeFiles/cmTC_00c51.dir/build.make CMakeFiles/cmTC_00c51.dir/build
gmake[1]: Entering directory `/lustre/atlas2/csc094/scratch/nic8504/rhea/alpine/build/CMakeFiles/CMakeTmp'
Building C object CMakeFiles/cmTC_00c51.dir/CheckFunctionExists.c.o
/ccs/compilers/gcc/rhel6-x86_64/6.2.0/bin/gcc    -g -O3 -DCHECK_FUNCTION_EXISTS=pthread_create -fPIE   -o CMakeFiles/cmTC_00c51.dir/CheckFunctionExists.c.o   -c /autofs/nccs-svm1_sw/redhat6/cmake3/3.5.2/rhel6_gnu4.8.2/share/cmake-3.5/Modules/CheckFunctionExists.c
Linking C executable cmTC_00c51
/autofs/nccs-svm1_sw/redhat6/cmake3/3.5.2/rhel6_gnu4.8.2/bin/cmake -E cmake_link_script CMakeFiles/cmTC_00c51.dir/link.txt --verbose=1
/ccs/compilers/gcc/rhel6-x86_64/6.2.0/bin/gcc  -g -O3 -DCHECK_FUNCTION_EXISTS=pthread_create    CMakeFiles/cmTC_00c51.dir/CheckFunctionExists.c.o  -o cmTC_00c51 -rdynamic -lpthreads 
/usr/bin/ld: cannot find -lpthreads
collect2: error: ld returned 1 exit status
gmake[1]: *** [cmTC_00c51] Error 1
gmake[1]: Leaving directory `/lustre/atlas2/csc094/scratch/nic8504/rhea/alpine/build/CMakeFiles/CMakeTmp'
gmake: *** [cmTC_00c51/fast] Error 2


Determining if the pthread_create exist failed with the following output:
Change Dir: /lustre/atlas/scratch/nic8504/csc094/rhea/alpine/build/CMakeFiles/CMakeTmp

Run Build Command:"/usr/bin/gmake" "cmTC_c0493/fast"
/usr/bin/gmake -f CMakeFiles/cmTC_c0493.dir/build.make CMakeFiles/cmTC_c0493.dir/build
gmake[1]: Entering directory `/lustre/atlas2/csc094/scratch/nic8504/rhea/alpine/build/CMakeFiles/CMakeTmp'
Building C object CMakeFiles/cmTC_c0493.dir/CheckSymbolExists.c.o
/ccs/compilers/gcc/rhel6-x86_64/6.2.0/bin/gcc    -g -O3  -fPIE   -o CMakeFiles/cmTC_c0493.dir/CheckSymbolExists.c.o   -c /lustre/atlas/scratch/nic8504/csc094/rhea/alpine/build/CMakeFiles/CMakeTmp/CheckSymbolExists.c
Linking C executable cmTC_c0493
/autofs/nccs-svm1_sw/redhat6/cmake3/3.5.2/rhel6_gnu4.8.2/bin/cmake -E cmake_link_script CMakeFiles/cmTC_c0493.dir/link.txt --verbose=1
/ccs/compilers/gcc/rhel6-x86_64/6.2.0/bin/gcc  -g -O3     CMakeFiles/cmTC_c0493.dir/CheckSymbolExists.c.o  -o cmTC_c0493 -rdynamic 
CMakeFiles/cmTC_c0493.dir/CheckSymbolExists.c.o: In function `main':
/lustre/atlas/scratch/nic8504/csc094/rhea/alpine/build/CMakeFiles/CMakeTmp/CheckSymbolExists.c:8: undefined reference to `pthread_create'
/usr/bin/ld: link errors found, deleting executable `cmTC_c0493'
collect2: error: ld returned 1 exit status
gmake[1]: *** [cmTC_c0493] Error 1
gmake[1]: Leaving directory `/lustre/atlas2/csc094/scratch/nic8504/rhea/alpine/build/CMakeFiles/CMakeTmp'
gmake: *** [cmTC_c0493/fast] Error 2

File /lustre/atlas/scratch/nic8504/csc094/rhea/alpine/build/CMakeFiles/CMakeTmp/CheckSymbolExists.c:
/* */
#include <pthread.h>

int main(int argc, char** argv)
{
  (void)argv;
#ifndef pthread_create
  return ((int*)(&pthread_create))[argc];
#else
  (void)argc;
  return 0;
#endif
}

Determining if the function pthread_create exists in the pthreads failed with the following output:
Change Dir: /lustre/atlas/scratch/nic8504/csc094/rhea/alpine/build/CMakeFiles/CMakeTmp

Run Build Command:"/usr/bin/gmake" "cmTC_95c47/fast"
/usr/bin/gmake -f CMakeFiles/cmTC_95c47.dir/build.make CMakeFiles/cmTC_95c47.dir/build
gmake[1]: Entering directory `/lustre/atlas2/csc094/scratch/nic8504/rhea/alpine/build/CMakeFiles/CMakeTmp'
Building C object CMakeFiles/cmTC_95c47.dir/CheckFunctionExists.c.o
/ccs/compilers/gcc/rhel6-x86_64/6.2.0/bin/gcc    -g -O3 -DCHECK_FUNCTION_EXISTS=pthread_create -fPIE   -o CMakeFiles/cmTC_95c47.dir/CheckFunctionExists.c.o   -c /autofs/nccs-svm1_sw/redhat6/cmake3/3.5.2/rhel6_gnu4.8.2/share/cmake-3.5/Modules/CheckFunctionExists.c
Linking C executable cmTC_95c47
/autofs/nccs-svm1_sw/redhat6/cmake3/3.5.2/rhel6_gnu4.8.2/bin/cmake -E cmake_link_script CMakeFiles/cmTC_95c47.dir/link.txt --verbose=1
/ccs/compilers/gcc/rhel6-x86_64/6.2.0/bin/gcc  -g -O3 -DCHECK_FUNCTION_EXISTS=pthread_create    CMakeFiles/cmTC_95c47.dir/CheckFunctionExists.c.o  -o cmTC_95c47 -rdynamic -lpthreads 
/usr/bin/ld: cannot find -lpthreads
collect2: error: ld returned 1 exit status
gmake[1]: *** [cmTC_95c47] Error 1
gmake[1]: Leaving directory `/lustre/atlas2/csc094/scratch/nic8504/rhea/alpine/build/CMakeFiles/CMakeTmp'
gmake: *** [cmTC_95c47/fast] Error 2


